"D:/CryoVR/CryoVR_GridClipping/Content/UI/Tutorial_Enum.uasset" 0
"D:/CryoVR/CryoVR_GridClipping/Content/UI/UI_Elements/HandUI/UI_Hand.uasset" 1
"D:/CryoVR/CryoVR_GridClipping/Content/UI/UI_Elements/HandUI/ControllerUIMat.uasset" 2
"D:/CryoVR/CryoVR_GridClipping/Content/UI/UI_Elements/HandUI/ControllerUIMatGreen_Inst.uasset" 3
"D:/CryoVR/CryoVR_GridClipping/Content/UI/UI_Elements/HandUI/ControllerUIMatRed_Inst.uasset" 4
"../../../Engine/Content/Functions/Engine_MaterialFunctions02/Utility/VectorLength.uasset" 5
"../../../Engine/Content/Functions/Engine_MaterialFunctions02/SplitComponents.uasset" 6
"D:/CryoVR/CryoVR_GridClipping/Content/UI/UI_Elements/MatHighlight/MF_SampleSceneTextureNeighbourUVs.uasset" 7
"D:/CryoVR/CryoVR_GridClipping/Content/UI/UI_Elements/MatHighlight/MF_ExtractDepth.uasset" 8
"D:/CryoVR/CryoVR_GridClipping/Content/UI/UI_Elements/MatHighlight/MF_ConvolveTexture.uasset" 9
"D:/CryoVR/CryoVR_GridClipping/Content/UI/UI_Elements/MatHighlight/PP_Outliner_M.uasset" 10
"D:/CryoVR/CryoVR_GridClipping/Content/UI/UI_Elements/MatHighlight/PP_Outliner_Inst.uasset" 11
"../../../Engine/Content/Animation/DefaultAnimBoneCompressionSettings.uasset" 12
"../../../Engine/Content/Animation/DefaultAnimCurveCompressionSettings.uasset" 13
"../../../Engine/Content/EngineMaterials/T_Default_Material_Grid_N.uasset" 14
"../../../Engine/Content/EngineMaterials/T_Default_Material_Grid_M.uasset" 15
"../../../Engine/Content/Functions/Engine_MaterialFunctions01/Opacity/CameraDepthFade.uasset" 16
"../../../Engine/Content/EngineMaterials/WorldGridMaterial.uasset" 17
"../../../Engine/Content/ArtTools/RenderToTexture/Meshes/S_1_Unit_Plane.uasset" 18
"../../../Engine/Content/EngineMaterials/DefaultMaterial.uasset" 19
"../../../Engine/Content/BasicShapes/Cone.uasset" 20
"../../../Engine/Content/EditorLandscapeResources/DataLayer.uasset" 21
"../../../Engine/Content/EditorLandscapeResources/DefaultAlphaTexture.uasset" 22
"../../../Engine/Content/EditorMaterials/MAT_Groups_Toggle.uasset" 23
"../../../Engine/Content/EditorMaterials/MAT_Groups_Visibility.uasset" 24
"../../../Engine/Content/EditorMaterials/PreviewShadowIndicator.uasset" 25
"../../../Engine/Content/EditorMaterials/PreviewShadowIndicatorMaterial.uasset" 26
"../../../Engine/Content/EditorMaterials/MatineeGroups/MAT_ColorTrack.uasset" 27
"../../../Engine/Content/EditorMaterials/MatineeGroups/MAT_Groups_Anim.uasset" 28
"../../../Engine/Content/EditorMaterials/MatineeGroups/MAT_Groups_AudioMaster.uasset" 29
"../../../Engine/Content/EditorMaterials/MatineeGroups/MAT_Groups_Director.uasset" 30
"../../../Engine/Content/EditorMaterials/MatineeGroups/MAT_Groups_Event.uasset" 31
"../../../Engine/Content/EditorMaterials/MatineeGroups/MAT_Groups_Fade.uasset" 32
"../../../Engine/Content/EditorMaterials/MatineeGroups/MAT_Groups_Float.uasset" 33
"../../../Engine/Content/EditorMaterials/MatineeGroups/MAT_Groups_Move.uasset" 34
"../../../Engine/Content/EditorMaterials/MatineeGroups/MAT_Groups_Slomo.uasset" 35
"../../../Engine/Content/EditorMaterials/MatineeGroups/MAT_Groups_Sound.uasset" 36
"../../../Engine/Content/EditorMaterials/MatineeGroups/MAT_Groups_Vector.uasset" 37
"../../../Engine/Content/EditorMaterials/ParticleSystems/PSysThumbnail_NoImage.uasset" 38
"../../../Engine/Content/EditorMaterials/ParticleSystems/PSysThumbnail_OOD.uasset" 39
"../../../Engine/Content/EditorMaterials/Camera/CineMat.uasset" 40
"../../../Engine/Content/EditorMaterials/Camera/MI_CineMat_Rig.uasset" 41
"../../../Engine/Content/EditorMeshes/Camera/SM_CraneRig_Arm.uasset" 42
"../../../Engine/Content/EditorMeshes/Camera/SM_CraneRig_Base.uasset" 43
"../../../Engine/Content/EditorMeshes/Camera/SM_CraneRig_Body.uasset" 44
"../../../Engine/Content/EditorMeshes/Camera/SM_CraneRig_Mount.uasset" 45
"../../../Engine/Content/EditorMeshes/Camera/SM_RailRig_Mount.uasset" 46
"../../../Engine/Content/EditorMeshes/Camera/SM_RailRig_Track.uasset" 47
"../../../Engine/Content/EditorResources/BSPVertex.uasset" 48
"../../../Engine/Content/EditorResources/EmptyActor.uasset" 49
"../../../Engine/Content/EditorResources/S_Actor.uasset" 50
"../../../Engine/Content/EditorResources/S_Note.uasset" 51
"../../../Engine/Content/EditorResources/S_Solver.uasset" 52
"../../../Engine/Content/EditorResources/S_Terrain.uasset" 53
"../../../Engine/Content/EditorResources/S_Trigger.uasset" 54
"../../../Engine/Content/EditorResources/AudioIcons/S_AudioComponent_AutoActivate.uasset" 55
"../../../Engine/Content/EditorResources/SequenceRecorder/Countdown.uasset" 56
"../../../Engine/Content/EditorResources/SequenceRecorder/RecordingIndicator.uasset" 57
"../../../Engine/Content/EngineDamageTypes/DmgTypeBP_Environmental.uasset" 58
"../../../Engine/Content/EngineDebugMaterials/DebugEditorMaterial.uasset" 59
"../../../Engine/Content/EngineDebugMaterials/DebugMeshMaterial.uasset" 60
"../../../Engine/Content/EngineDebugMaterials/M_SimpleUnlitTranslucent.uasset" 61
"../../../Engine/Content/EngineDebugMaterials/VolumeToRender.uasset" 62
"../../../Engine/Content/Functions/Engine_MaterialFunctions02/Utility/CameraDirectionVector.uasset" 63
"../../../Engine/Content/EngineDebugMaterials/M_VolumeRenderSphereTracePP.uasset" 64
"../../../Engine/Content/Functions/Engine_MaterialFunctions01/Shading/ConvertFromDiffSpec.uasset" 65
"../../../Engine/Content/EngineDebugMaterials/VertexColorMaterial.uasset" 66
"../../../Engine/Content/EngineDebugMaterials/WireframeMaterial.uasset" 67
"../../../Engine/Content/EngineFonts/Faces/RobotoRegular.uasset" 68
"../../../Engine/Content/EngineFonts/Faces/RobotoLight.uasset" 69
"../../../Engine/Content/EngineFonts/Faces/RobotoItalic.uasset" 70
"../../../Engine/Content/EngineFonts/Faces/RobotoBoldItalic.uasset" 71
"../../../Engine/Content/EngineFonts/Faces/RobotoBold.uasset" 72
"../../../Engine/Content/EngineFonts/Faces/DroidSansFallback.uasset" 73
"../../../Engine/Content/EngineFonts/Roboto.uasset" 74
"../../../Engine/Content/EngineMaterials/BaseFlattenNormalMap.uasset" 75
"../../../Engine/Content/EngineMaterials/BaseFlattenGrayscaleMap.uasset" 76
"../../../Engine/Content/EngineMaterials/BaseFlattenEmissiveMap.uasset" 77
"../../../Engine/Content/EngineMaterials/BaseFlattenDiffuseMap.uasset" 78
"../../../Engine/Content/EngineMaterials/BaseFlattenMaterial.uasset" 79
"../../../Engine/Content/EngineMaterials/BlueNoise.uasset" 80
"../../../Engine/Content/EngineMaterials/DefaultBloomKernel.uasset" 81
"../../../Engine/Content/EngineMaterials/DefaultBokeh.uasset" 82
"../../../Engine/Content/EngineMaterials/DefaultDiffuse.uasset" 83
"../../../Engine/Content/EngineMaterials/DefaultDeferredDecalMaterial.uasset" 84
"../../../Engine/Content/EngineMaterials/DefaultLightFunctionMaterial.uasset" 85
"../../../Engine/Content/EngineMaterials/DefaultPhysicalMaterial.uasset" 86
"../../../Engine/Content/Functions/Engine_MaterialFunctions02/Utility/BreakOutFloat2Components.uasset" 87
"../../../Engine/Content/EngineMaterials/DefaultPostProcessMaterial.uasset" 88
"../../../Engine/Content/EngineFonts/RobotoDistanceField.uasset" 89
"../../../Engine/Content/EngineMaterials/DefaultTextMaterialOpaque.uasset" 90
"../../../Engine/Content/EngineMaterials/DefaultWhiteGrid.uasset" 91
"../../../Engine/Content/EngineMaterials/DefaultWhiteGrid_Low.uasset" 92
"../../../Engine/Content/EngineMaterials/EmissiveMeshMaterial.uasset" 93
"../../../Engine/Content/EngineMaterials/GizmoMaterial.uasset" 94
"../../../Engine/Content/EngineMaterials/MiniFont.uasset" 95
"../../../Engine/Content/EngineMaterials/InvalidLightmapSettings.uasset" 96
"../../../Engine/Content/EngineMaterials/M_InvalidLightmapSettings.uasset" 97
"../../../Engine/Content/Functions/Engine_MaterialFunctions02/WorldPositionOffset/CameraOffset.uasset" 98
"../../../Engine/Content/EngineMaterials/PhAT_JointLimitMaterial.uasset" 99
"../../../Engine/Content/EngineMaterials/PreintegratedSkinBRDF.uasset" 100
"../../../Engine/Content/EngineMaterials/RemoveSurfaceMaterial.uasset" 101
"../../../Engine/Content/EngineMaterials/WeightMapPlaceholderTexture.uasset" 102
"../../../Engine/Content/EngineResources/WhiteSquareTexture.uasset" 103
"../../../Engine/Content/EngineMaterials/Widget3DPassThrough.uasset" 104
"../../../Engine/Content/EngineMaterials/Widget3DPassThrough_Masked.uasset" 105
"../../../Engine/Content/EngineMaterials/Widget3DPassThrough_Opaque.uasset" 106
"../../../Engine/Content/EngineMaterials/Widget3DPassThrough_Masked_OneSided.uasset" 107
"../../../Engine/Content/EngineMaterials/Widget3DPassThrough_Opaque_OneSided.uasset" 108
"../../../Engine/Content/EngineMaterials/Widget3DPassThrough_Translucent.uasset" 109
"../../../Engine/Content/EngineMaterials/Widget3DPassThrough_Translucent_OneSided.uasset" 110
"../../../Engine/Content/EngineMeshes/Cylinder.uasset" 111
"../../../Engine/Content/EngineMeshes/Sphere.uasset" 112
"../../../Engine/Content/EngineResources/Black.uasset" 113
"../../../Engine/Content/EngineResources/DefaultTextureCube.uasset" 114
"../../../Engine/Content/EngineResources/DefaultVolumeTexture2D.uasset" 115
"../../../Engine/Content/EngineResources/DefaultVolumeTexture.uasset" 116
"../../../Engine/Content/EngineResources/GradientTexture0.uasset" 117
"../../../Engine/Content/EngineSky/VolumetricClouds/T_NoiseShape64.uasset" 118
"../../../Engine/Content/EngineSky/VolumetricClouds/T_VolumeNoiseShape64.uasset" 119
"../../../Engine/Content/EngineSky/VolumetricClouds/T_NoiseErosion.uasset" 120
"../../../Engine/Content/EngineSky/VolumetricClouds/T_VolumeNoiseErosion32.uasset" 121
"../../../Engine/Content/EngineSky/VolumetricClouds/CloudWeatherTexture.uasset" 122
"../../../Engine/Content/EngineSky/VolumetricClouds/CloudGradientTexture.uasset" 123
"../../../Engine/Content/Functions/Engine_MaterialFunctions02/Utility/MakeFloat2.uasset" 124
"../../../Engine/Content/EngineSky/VolumetricClouds/m_SimpleVolumetricCloud.uasset" 125
"../../../Engine/Content/EngineSky/VolumetricClouds/m_SimpleVolumetricCloud_Inst.uasset" 126
"../../../Engine/Content/EngineSounds/Master.uasset" 127
"../../../Engine/Content/Functions/Engine_MaterialFunctions01/Shading/PowerToRoughness.uasset" 128
"../../../Engine/Content/Maps/Templates/Thumbnails/Default.uasset" 129
"../../../Engine/Content/Maps/Templates/Thumbnails/VR-Basic.uasset" 130
"../../../Engine/Content/MobileResources/T_MobileControls_texture.uasset" 131
"../../../Engine/Content/MobileResources/T_MobileMenu2.uasset" 132
"../../../Engine/Content/MobileResources/HUD/AnalogHat.uasset" 133
"../../../Engine/Content/MobileResources/HUD/VirtualJoystick_Thumb.uasset" 134
"../../../Engine/Content/MobileResources/HUD/VirtualJoystick_Background.uasset" 135
"../../../Engine/Content/MobileResources/HUD/DefaultVirtualJoysticks.uasset" 136
"../../../Engine/Content/MobileResources/HUD/LeftVirtualJoystickOnly.uasset" 137
"../../../Engine/Content/MobileResources/HUD/MobileHUDButton1_off.uasset" 138
"../../../Engine/Content/MobileResources/HUD/MobileHUDButton1_on.uasset" 139
"../../../Engine/Content/MobileResources/HUD/MobileHUDButton2_off.uasset" 140
"../../../Engine/Content/MobileResources/HUD/MobileHUDButton2_on.uasset" 141
"../../../Engine/Content/MobileResources/HUD/MobileHUDButton3.uasset" 142
"../../../Engine/Content/MobileResources/HUD/MobileHUDButtonFire.uasset" 143
"../../../Engine/Content/MobileResources/HUD/MobileHUDDirectionPad.uasset" 144
"../../../Engine/Content/MobileResources/HUD/MobileHUDDirectionPad2.uasset" 145
"../../../Engine/Content/MobileResources/HUD/MobileHUDDirectionPad3.uasset" 146
"../../../Engine/Content/MobileResources/HUD/MobileHUDDirectionStick.uasset" 147
"../../../Engine/Content/MobileResources/HUD/T_Castle_ThumbstickInner.uasset" 148
"../../../Engine/Content/MobileResources/HUD/T_Castle_ThumbstickOutter.uasset" 149
"../../../Engine/Content/Tutorial/ContentIntroCurve.uasset" 150
"../../../Engine/Content/Tutorial/Basics/LevelEditorAttract.uasset" 151
"../../../Engine/Content/Tutorial/BlueprintTutorials/TutorialAssets/Blueprint_64x.uasset" 152
"../../../Engine/Content/Tutorial/BlueprintTutorials/LevelBlueprintEditorOverview.uasset" 153
"../../../Engine/Content/Tutorial/Installation/InstallingVisualStudioTutorial.uasset" 154
"../../../Engine/Content/VREditor/TransformGizmo/TranslucentTransformGizmoMaterial.uasset" 155
"../../../Engine/Content/VREditor/LaserPointer/VR_LaserPower_01.uasset" 156
"../../../Engine/Content/VREditor/TransformGizmo/TransformGizmoMaterial.uasset" 157
"../../../Engine/Content/VREditor/TransformGizmo/BoundingBoxCorner.uasset" 158
"../../../Engine/Content/VREditor/TransformGizmo/BoundingBoxEdge.uasset" 159
"../../../Engine/Content/VREditor/TransformGizmo/PlaneTranslationHandle.uasset" 160
"../../../Engine/Content/VREditor/TransformGizmo/Xray.uasset" 161
"../../../Engine/Content/VREditor/TransformGizmo/Main.uasset" 162
"../../../Engine/Content/VREditor/TransformGizmo/SM_Sequencer_Key.uasset" 163
"../../../Engine/Content/VREditor/TransformGizmo/SM_Sequencer_Node.uasset" 164
"../../Plugins/2D/Paper2D/Content/PlaceholderTextures/DummySpriteTexture.uasset" 165
"../../Plugins/2D/Paper2D/Content/DummySprite.uasset" 166
"../../Plugins/2D/Paper2D/Content/DefaultPaperTerrainMaterial.uasset" 167
"../../Plugins/2D/Paper2D/Content/DefaultSpriteMaterial.uasset" 168
"../../Plugins/2D/Paper2D/Content/MaskedUnlitSpriteMaterial.uasset" 169
"../../Plugins/2D/Paper2D/Content/OpaqueUnlitSpriteMaterial.uasset" 170
"../../../Engine/Content/Functions/Engine_MaterialFunctions02/ObjectLocalBounds.uasset" 171
"../../../Engine/Content/Functions/Engine_MaterialFunctions02/Utility/BreakOutFloat3Components.uasset" 172
"../../Plugins/Editor/SpeedTreeImporter/Content/SpeedTree9/UnpackInteger3.uasset" 173
"../../Plugins/Editor/SpeedTreeImporter/Content/SpeedTree9/UnpackDirection.uasset" 174
"../../Plugins/Editor/SpeedTreeImporter/Content/SpeedTree9/game_wind_noise.uasset" 175
"../../../Engine/Content/Functions/Engine_MaterialFunctions02/SafeNormalize.uasset" 176
"../../Plugins/Editor/SpeedTreeImporter/Content/SpeedTree9/SpeedTreeWindMotion.uasset" 177
"../../Plugins/Editor/SpeedTreeImporter/Content/SpeedTree9/SpeedTreeBranchMotion.uasset" 178
"../../../Engine/Content/Functions/Engine_MaterialFunctions02/UVs/BoundingBoxBased_0-1_UVW.uasset" 179
"../../Plugins/Editor/SpeedTreeImporter/Content/SpeedTree9/SpeedTreeWind.uasset" 180
"../../Plugins/Editor/SpeedTreeImporter/Content/SpeedTree9/SpeedTreeBillboard.uasset" 181
"../../../Engine/Content/EngineResources/DefaultTexture.uasset" 182
"../../Plugins/Editor/SpeedTreeImporter/Content/SpeedTree9/SpeedTreeBillboardMaster.uasset" 183
"../../Plugins/Editor/SpeedTreeImporter/Content/SpeedTree9/SpeedTreeCameraFacing.uasset" 184
"../../Plugins/Editor/SpeedTreeImporter/Content/SpeedTree9/SpeedTreeMaster.uasset" 185
"../../../Engine/Content/BasicShapes/Cylinder.uasset" 186
"../../../Engine/Content/ArtTools/RenderToTexture/Materials/Debug/M_Emissive_Color.uasset" 187
"../../Plugins/Lumin/MagicLeapPassableWorld/Content/MagicLeapARPinInfoActor.uasset" 188
"D:/CryoVR/CryoVR_GridClipping/Content/Clip_Model/lambert1.uasset" 189
"D:/CryoVR/CryoVR_GridClipping/Content/Clip_Model/clipring_bottom.uasset" 190
"D:/CryoVR/CryoVR_GridClipping/Content/ProcedureEnum.uasset" 191
"../../../Engine/Content/BasicShapes/Cube.uasset" 192
"D:/CryoVR/CryoVR_GridClipping/Content/UI/UI_Elements/TutorialUI/TextRender_BP.uasset" 193
"D:/CryoVR/CryoVR_GridClipping/Content/UI/TutorialUI/CP3_UI_RotateArrowMesh.uasset" 194
"D:/CryoVR/CryoVR_GridClipping/Content/UI/TutorialUI/arrow.uasset" 195
"D:/CryoVR/CryoVR_GridClipping/Content/UI/TutorialUI/CP3_UI_RArrowMat.uasset" 196
"D:/CryoVR/CryoVR_GridClipping/Content/UI/TutorialUI/UI_RotateArrow_BP.uasset" 197
"D:/CryoVR/CryoVR_GridClipping/Content/Clip_Model/clipstation.uasset" 198
"D:/CryoVR/CryoVR_GridClipping/Content/Clip_Model/Material/MF_Highlight.uasset" 199
"D:/CryoVR/CryoVR_GridClipping/Content/Clip_Model/Texture/clipstation_clipstation2_BaseColor.uasset" 200
"D:/CryoVR/CryoVR_GridClipping/Content/Clip_Model/Texture/clipstation_clipstation2_Normal.uasset" 201
"D:/CryoVR/CryoVR_GridClipping/Content/Clip_Model/Texture/clipstation_clipstation2_OcclusionRoughnessMetallic.uasset" 202
"D:/CryoVR/CryoVR_GridClipping/Content/Clip_Model/Material/clipstation2.uasset" 203
"D:/CryoVR/CryoVR_GridClipping/Content/Clip_Model/Texture/clipstation_cap_clipstation_cap_BaseColor.uasset" 204
"D:/CryoVR/CryoVR_GridClipping/Content/Clip_Model/Texture/clipstation_cap_clipstation_cap_Normal.uasset" 205
"D:/CryoVR/CryoVR_GridClipping/Content/Clip_Model/Texture/clipstation_cap_clipstation_cap_OcclusionRoughnessMetallic.uasset" 206
"D:/CryoVR/CryoVR_GridClipping/Content/Clip_Model/Material/Station_Cap.uasset" 207
"D:/CryoVR/CryoVR_GridClipping/Content/Clip_Model/pasted__gridbox.uasset" 208
"D:/CryoVR/CryoVR_GridClipping/Content/Clip_Model/gridbox_cross.uasset" 209
"D:/CryoVR/CryoVR_GridClipping/Content/Geometry/transparent.uasset" 210
"D:/CryoVR/CryoVR_GridClipping/Content/Geometry/clipsystem_clipstation_cap_.uasset" 211
"../../../Engine/Content/EngineMaterials/Good64x64TilingNoiseHighFreq.uasset" 212
"D:/CryoVR/CryoVR_GridClipping/Content/VirtualReality/Materials/TeleportMCP.uasset" 213
"../../../Engine/Content/Functions/Engine_MaterialFunctions02/ScreenResolution.uasset" 214
"../../../Engine/Content/Functions/Engine_MaterialFunctions01/Texturing/ScaleUVsByCenter.uasset" 215
"../../../Engine/Content/Functions/Engine_MaterialFunctions02/Texturing/ScreenAlignedUVs.uasset" 216
"../../../Engine/Content/Functions/Engine_MaterialFunctions02/Utility/DepthFromWorldPosition.uasset" 217
"D:/CryoVR/CryoVR_GridClipping/Content/VirtualReality/Materials/MF_OccludedPixels.uasset" 218
"D:/CryoVR/CryoVR_GridClipping/Content/VirtualReality/Materials/M_SplineArcMat.uasset" 219
"D:/CryoVR/CryoVR_GridClipping/Content/VirtualReality/Materials/M_ArcEndpoint.uasset" 220
"D:/CryoVR/CryoVR_GridClipping/Content/VirtualReality/Materials/M_TeleportPreviews.uasset" 221
"D:/CryoVR/CryoVR_GridClipping/Content/VirtualReality/Materials/MI_TeleportCylinderPreview.uasset" 222
"D:/CryoVR/CryoVR_GridClipping/Content/VirtualReality/Materials/MI_ChaperoneOutline.uasset" 223
"D:/CryoVR/CryoVR_GridClipping/Content/VR_Hands/Meshes/VRHand_Right_PhysicsAsset.uasset" 224
"D:/CryoVR/CryoVR_GridClipping/Content/VR_Hands/Textures/SSS/T_Hand_SSS.uasset" 225
"D:/CryoVR/CryoVR_GridClipping/Content/VirtualReality/Mannequin/Character/Textures/T_StylizedManHand_ORM.uasset" 226
"D:/CryoVR/CryoVR_GridClipping/Content/VirtualReality/Mannequin/Character/Textures/T_StylizedManHand_BC.uasset" 227
"D:/CryoVR/CryoVR_GridClipping/Content/VR_Hands/Textures/T_Example_N.uasset" 228
"D:/CryoVR/CryoVR_GridClipping/Content/VR_Hands/Textures/T_Example_BC.uasset" 229
"D:/CryoVR/CryoVR_GridClipping/Content/VR_Hands/Materials/Shaders/M_Master.uasset" 230
"D:/CryoVR/CryoVR_GridClipping/Content/VirtualReality/Mannequin/Character/Materials/MI_StylizedManHand.uasset" 231
"D:/CryoVR/CryoVR_GridClipping/Content/VirtualReality/Mannequin/Character/Mesh/MannequinHand_Right_Skeleton.uasset" 232
"D:/CryoVR/CryoVR_GridClipping/Content/VirtualReality/Mannequin/Character/Mesh/StylizedManHand_Right.uasset" 233
"D:/CryoVR/CryoVR_GridClipping/Content/VirtualRealityBP/Blueprints/GripEnum.uasset" 234
"D:/CryoVR/CryoVR_GridClipping/Content/VirtualReality/Mannequin/Animations/PointAnimation.uasset" 235
"D:/CryoVR/CryoVR_GridClipping/Content/VirtualReality/Mannequin/Animations/PickupTinyAnimation.uasset" 236
"D:/CryoVR/CryoVR_GridClipping/Content/VirtualReality/Mannequin/Animations/MannequinHand_Right_Open.uasset" 237
"D:/CryoVR/CryoVR_GridClipping/Content/VirtualReality/Mannequin/Animations/MannequinHand_Right_GrabPipet.uasset" 238
"D:/CryoVR/CryoVR_GridClipping/Content/VirtualReality/Mannequin/Animations/MannequinHand_Right_Grab.uasset" 239
"D:/CryoVR/CryoVR_GridClipping/Content/VirtualReality/Mannequin/Animations/MannequinHand_Right_CanGrab.uasset" 240
"D:/CryoVR/CryoVR_GridClipping/Content/VirtualReality/Mannequin/Animations/RightHandGesture_BS.uasset" 241
"D:/CryoVR/CryoVR_GridClipping/Content/VirtualReality/Mannequin/Animations/RightGrip_BS.uasset" 242
"D:/CryoVR/CryoVR_GridClipping/Content/VirtualReality/Mannequin/Animations/RightHand_AnimBP.uasset" 243
"../../../Engine/Content/BasicShapes/Sphere.uasset" 244
"D:/CryoVR/CryoVR_GridClipping/Content/VirtualRealityBP/Blueprints/MotionControllerHaptics.uasset" 245
"D:/CryoVR/CryoVR_GridClipping/Content/VirtualRealityBP/Blueprints/PickupActorInterface.uasset" 246
"../../../Engine/Content/EditorBlueprintResources/StandardMacros.uasset" 247
"D:/CryoVR/CryoVR_GridClipping/Content/VirtualReality/Meshes/SM_FatCylinder.uasset" 248
"D:/CryoVR/CryoVR_GridClipping/Content/VirtualReality/Meshes/BeamMesh.uasset" 249
"D:/CryoVR/CryoVR_GridClipping/Content/VirtualReality/Meshes/BeaconDirection.uasset" 250
"D:/CryoVR/CryoVR_GridClipping/Content/VirtualReality/Meshes/1x1_cube.uasset" 251
"D:/CryoVR/CryoVR_GridClipping/Content/VirtualReality/Mannequin/Character/Textures/T_StylizedManHand_TX.uasset" 252
"D:/CryoVR/CryoVR_GridClipping/Content/VirtualReality/Mannequin/Character/Materials/MI_StylizedManHand_Inst.uasset" 253
"D:/CryoVR/CryoVR_GridClipping/Content/VirtualRealityBP/Blueprints/BP_MotionController.uasset" 254
"D:/CryoVR/CryoVR_GridClipping/Content/VirtualReality/Materials/M_BaseMaterial.uasset" 255
"D:/CryoVR/CryoVR_GridClipping/Content/VirtualReality/Materials/MI_SmallCubes.uasset" 256
"D:/CryoVR/CryoVR_GridClipping/Content/UI/UI_Elements/HandUI/HandUIMesh.uasset" 257
"D:/CryoVR/CryoVR_GridClipping/Content/UI/TutorialUI/UI_PBarTemp.uasset" 258
"D:/CryoVR/CryoVR_GridClipping/Content/UI/TutorialUI/CP3_UI_ForwardArrowMesh.uasset" 259
"D:/CryoVR/CryoVR_GridClipping/Content/UI/TutorialUI/UI_ForwardArrow_BP.uasset" 260
"../../../Engine/Content/BasicShapes/Plane.uasset" 261
"D:/CryoVR/CryoVR_GridClipping/Content/Geometry/Meshes/CubeMaterial.uasset" 262
"D:/CryoVR/CryoVR_GridClipping/Content/Geometry/Meshes/1M_Cube.uasset" 263
"D:/CryoVR/CryoVR_GridClipping/Content/VirtualRealityBP/Blueprints/MotionControllerPawn.uasset" 264
"D:/CryoVR/CryoVR_GridClipping/Content/VirtualRealityBP/Blueprints/BP_PickupCube.uasset" 265
"D:/CryoVR/CryoVR_GridClipping/Content/Particles/WaterSplash_Tex.uasset" 266
"D:/CryoVR/CryoVR_GridClipping/Content/Particles/WaterSplashMat.uasset" 267
"D:/CryoVR/CryoVR_GridClipping/Content/Particles/WaterSplash_P.uasset" 268
"D:/CryoVR/CryoVR_GridClipping/Content/Models/Textures/GeneralBlack_tex.uasset" 269
"D:/CryoVR/CryoVR_GridClipping/Content/Models/01GeneralBlackMat.uasset" 270
"D:/CryoVR/CryoVR_GridClipping/Content/Models/NitrogenTankCapMesh.uasset" 271
"D:/CryoVR/CryoVR_GridClipping/Content/Models/Textures/metal_bareTex.uasset" 272
"D:/CryoVR/CryoVR_GridClipping/Content/Models/Textures/CloudTex.uasset" 273
"D:/CryoVR/CryoVR_GridClipping/Content/Models/DewarMat.uasset" 274
"D:/CryoVR/CryoVR_GridClipping/Content/Models/DewarMesh.uasset" 275
"D:/CryoVR/CryoVR_GridClipping/Content/VirtualRealityBP/Blueprints/Dewar_BP.uasset" 276
"D:/CryoVR/CryoVR_GridClipping/Content/Models/Textures/WorkstationOpacityTex.uasset" 277
"D:/CryoVR/CryoVR_GridClipping/Content/Models/Textures/T_MacroVariation.uasset" 278
"D:/CryoVR/CryoVR_GridClipping/Content/Models/01M_Metal_Chrome.uasset" 279
"D:/CryoVR/CryoVR_GridClipping/Content/Models/Tweezer_gridMat_inst.uasset" 280
"D:/CryoVR/CryoVR_GridClipping/Content/Models/Tweezer_Grid.uasset" 281
"D:/CryoVR/CryoVR_GridClipping/Content/Clip_Model/special_tweezer.uasset" 282
"D:/CryoVR/CryoVR_GridClipping/Content/Clip_Model/Texture/clipring_bottom_1001_BaseColor.uasset" 283
"D:/CryoVR/CryoVR_GridClipping/Content/Clip_Model/Texture/clipring_bottom_1001_Normal.uasset" 284
"D:/CryoVR/CryoVR_GridClipping/Content/Clip_Model/Texture/clipring_bottom_1001_OcclusionRoughnessMetallic.uasset" 285
"D:/CryoVR/CryoVR_GridClipping/Content/Clip_Model/Material/Clip_Bottom.uasset" 286
"D:/CryoVR/CryoVR_GridClipping/Content/Clip_Model/Texture/special_tweezer_1001_BaseColor.uasset" 287
"D:/CryoVR/CryoVR_GridClipping/Content/Clip_Model/Texture/special_tweezer_1001_Normal.uasset" 288
"D:/CryoVR/CryoVR_GridClipping/Content/Clip_Model/Texture/special_tweezer_1001_OcclusionRoughnessMetallic.uasset" 289
"D:/CryoVR/CryoVR_GridClipping/Content/Clip_Model/Material/Special_Tweezers.uasset" 290
"D:/CryoVR/CryoVR_GridClipping/Content/VirtualRealityBP/Blueprints/Cross_Tweezers.uasset" 291
"D:/CryoVR/CryoVR_GridClipping/Content/Models/Textures/WaterDropTex.uasset" 292
"D:/CryoVR/CryoVR_GridClipping/Content/Models/01M_Glass.uasset" 293
"D:/CryoVR/CryoVR_GridClipping/Content/Models/01GridHolderMat_Inst.uasset" 294
"D:/CryoVR/CryoVR_GridClipping/Content/Models/GridHolderUMesh.uasset" 295
"D:/CryoVR/CryoVR_GridClipping/Content/Models/01GeneralWhiteMat.uasset" 296
"D:/CryoVR/CryoVR_GridClipping/Content/Models/GridHolderDMesh.uasset" 297
"D:/CryoVR/CryoVR_GridClipping/Content/VirtualRealityBP/Blueprints/GridHolder2.uasset" 298
"D:/CryoVR/CryoVR_GridClipping/Content/VirtualRealityBP/Blueprints/GridHolder.uasset" 299
"D:/CryoVR/CryoVR_GridClipping/Content/Models/Textures/TweezerSpongeTex.uasset" 300
"D:/CryoVR/CryoVR_GridClipping/Content/Models/SpongeTweezerMat.uasset" 301
"D:/CryoVR/CryoVR_GridClipping/Content/Models/Tweezer.uasset" 302
"D:/CryoVR/CryoVR_GridClipping/Content/Clip_Model/Temp/clip.uasset" 303
"D:/CryoVR/CryoVR_GridClipping/Content/Clip_Model/Temp/clip_gridring.uasset" 304
"D:/CryoVR/CryoVR_GridClipping/Content/VirtualRealityBP/Blueprints/Tweezers.uasset" 305
"D:/CryoVR/CryoVR_GridClipping/Content/Clip_Model/phong1.uasset" 306
"D:/CryoVR/CryoVR_GridClipping/Content/Clip_Model/clippen_clippenbotton.uasset" 307
"D:/CryoVR/CryoVR_GridClipping/Content/Clip_Model/clippen_polySurface1.uasset" 308
"D:/CryoVR/CryoVR_GridClipping/Content/Sound/S_PressPlunger.uasset" 309
"D:/CryoVR/CryoVR_GridClipping/Content/Models/EthaneTank_YellowMetalMat.uasset" 310
"D:/CryoVR/CryoVR_GridClipping/Content/Clip_Model/Texture/clippen_main_BaseColor.uasset" 311
"D:/CryoVR/CryoVR_GridClipping/Content/Clip_Model/Texture/clippen_main_Normal.uasset" 312
"D:/CryoVR/CryoVR_GridClipping/Content/Clip_Model/Texture/clippen_main_OcclusionRoughnessMetallic.uasset" 313
"D:/CryoVR/CryoVR_GridClipping/Content/Clip_Model/Material/Clip_Pen.uasset" 314
"D:/CryoVR/CryoVR_GridClipping/Content/VirtualRealityBP/Blueprints/Clip_Pen.uasset" 315
"D:/CryoVR/CryoVR_GridClipping/Content/StarterContent/Textures/T_Water_N.uasset" 316
"D:/CryoVR/CryoVR_GridClipping/Content/StarterContent/Textures/T_Perlin_Noise_M.uasset" 317
"D:/CryoVR/CryoVR_GridClipping/Content/StarterContent/Materials/M_Water_Lake.uasset" 318
"D:/CryoVR/CryoVR_GridClipping/Content/InfinityBladeEffects/Effects/FX_Textures/Liquid/T_bloodTest_4X6.uasset" 319
"D:/CryoVR/CryoVR_GridClipping/Content/InfinityBladeEffects/Effects/FX_Textures/Tile/T_Black_32.uasset" 320
"D:/CryoVR/CryoVR_GridClipping/Content/InfinityBladeEffects/Effects/Masters/M_Trans_Sprite_Master_DepthFade.uasset" 321
"D:/CryoVR/CryoVR_GridClipping/Content/InfinityBladeEffects/Effects/FX_Materials/Liquid/M_Liquid_Spray_01_4X6_INST.uasset" 322
"D:/CryoVR/CryoVR_GridClipping/Content/InfinityBladeEffects/Effects/FX_Ambient/Water/P_Water_Fountain_Splash_Custom.uasset" 323
"D:/CryoVR/CryoVR_GridClipping/Content/Test_Geometry/Test_Textures/lambert1.uasset" 324
"D:/CryoVR/CryoVR_GridClipping/Content/Clip_Model/grid_box.uasset" 325
"D:/CryoVR/CryoVR_GridClipping/Content/Clip_Model/Texture/T_AutoGrid.uasset" 326
"D:/CryoVR/CryoVR_GridClipping/Content/Clip_Model/Material/AutoGrid_Tutorial.uasset" 327
"D:/CryoVR/CryoVR_GridClipping/Content/Clip_Model/Texture/clipstation_1001_BaseColor.uasset" 328
"D:/CryoVR/CryoVR_GridClipping/Content/Clip_Model/Texture/clipstation_1001_Normal.uasset" 329
"D:/CryoVR/CryoVR_GridClipping/Content/Clip_Model/Texture/clipstation_1001_OcclusionRoughnessMetallic.uasset" 330
"D:/CryoVR/CryoVR_GridClipping/Content/Clip_Model/Material/Clip_Station.uasset" 331
"D:/CryoVR/CryoVR_GridClipping/Content/Clip_Model/Temp/gridbox.uasset" 332
"D:/CryoVR/CryoVR_GridClipping/Content/VirtualRealityBP/Blueprints/Clip_Station.uasset" 333
"D:/CryoVR/CryoVR_GridClipping/Content/UI/TutorialUI/CP3_UI_FArrowMat.uasset" 334
"D:/CryoVR/CryoVR_GridClipping/Content/VirtualRealityBP/Maps/Grid_Clipping_BuiltData.uasset" 335
"D:/CryoVR/CryoVR_GridClipping/Content/StarterContent/Materials/M_Basic_Wall.uasset" 336
"D:/CryoVR/CryoVR_GridClipping/Content/Models/IlluMat.uasset" 337
"D:/CryoVR/CryoVR_GridClipping/Content/VirtualRealityBP/Blueprints/Menu/MenuBar_inGame.uasset" 338
"D:/CryoVR/CryoVR_GridClipping/Content/VirtualRealityBP/Blueprints/Tweezers_Tutorial.uasset" 339
"../../../Engine/Content/BasicShapes/BasicShapeMaterial.uasset" 340
"D:/CryoVR/CryoVR_GridClipping/Content/VirtualRealityBP/Blueprints/TV_Button.uasset" 341
"D:/CryoVR/CryoVR_GridClipping/Content/Clip_Model/gridbox_cap.uasset" 342
"D:/CryoVR/CryoVR_GridClipping/Content/Geometry/transparent_transparent.uasset" 343
"D:/CryoVR/CryoVR_GridClipping/Content/Clip_Model/gridbox_cap_pCylinder3.uasset" 344
"D:/CryoVR/CryoVR_GridClipping/Content/Clip_Model/gridbox_cap_pCylinder3_CoolDownSocket.uasset" 345
"D:/CryoVR/CryoVR_GridClipping/Content/VirtualRealityBP/Blueprints/Cap_Pen_Tutorial_Socket.uasset" 346
"D:/CryoVR/CryoVR_GridClipping/Content/VirtualRealityBP/Blueprints/Cap_Pen.uasset" 347
"D:/CryoVR/CryoVR_GridClipping/Content/Clip_Model/Highlight_Ring.uasset" 348
"D:/CryoVR/CryoVR_GridClipping/Content/VirtualRealityBP/Blueprints/TransparentCap.uasset" 349
"D:/CryoVR/CryoVR_GridClipping/Content/Test_Geometry/hood_hood_OcclusionRoughnessMetallic.uasset" 350
"D:/CryoVR/CryoVR_GridClipping/Content/Test_Geometry/hood_hood_Normal.uasset" 351
"D:/CryoVR/CryoVR_GridClipping/Content/Test_Geometry/hood_hood_BaseColor.uasset" 352
"D:/CryoVR/CryoVR_GridClipping/Content/Test_Geometry/hood1.uasset" 353
"D:/CryoVR/CryoVR_GridClipping/Content/Test_Geometry/hood_hood.uasset" 354
"D:/CryoVR/CryoVR_GridClipping/Content/VirtualRealityBP/Blueprints/Hood.uasset" 355
"D:/CryoVR/CryoVR_GridClipping/Content/Clip_Model/box.uasset" 356
"D:/CryoVR/CryoVR_GridClipping/Content/Clip_Model/Texture/box_1001_BaseColor.uasset" 357
"D:/CryoVR/CryoVR_GridClipping/Content/Clip_Model/Texture/box_1001_Normal.uasset" 358
"D:/CryoVR/CryoVR_GridClipping/Content/Clip_Model/Texture/box_1001_OcclusionRoughnessMetallic.uasset" 359
"D:/CryoVR/CryoVR_GridClipping/Content/Clip_Model/Material/Box.uasset" 360
"D:/CryoVR/CryoVR_GridClipping/Content/VirtualRealityBP/Blueprints/Box.uasset" 361
"D:/CryoVR/CryoVR_GridClipping/Content/VirtualRealityBP/Blueprints/Pick_Clip_Station.uasset" 362
"D:/CryoVR/CryoVR_GridClipping/Content/VirtualRealityBP/Blueprints/TableCollisionBox.uasset" 363
"D:/CryoVR/CryoVR_GridClipping/Content/Test_Geometry/Test_Textures/defaultMat.uasset" 364
"D:/CryoVR/CryoVR_GridClipping/Content/Clip_Model/clipstation_cap.uasset" 365
"D:/CryoVR/CryoVR_GridClipping/Content/Clip_Model/station_cap_centered.uasset" 366
"D:/CryoVR/CryoVR_GridClipping/Content/Clip_Model/GridBoxTweezer.uasset" 367
"D:/CryoVR/CryoVR_GridClipping/Content/VirtualRealityBP/Blueprints/Station_Cap.uasset" 368
"D:/CryoVR/CryoVR_GridClipping/Content/VirtualRealityBP/Blueprints/GridBoxTweezers.uasset" 369
"D:/CryoVR/CryoVR_GridClipping/Content/Test_Geometry/Test_Textures/FreezeDewar.uasset" 370
"D:/CryoVR/CryoVR_GridClipping/Content/StarterContent/Textures/T_Smoke_Tiled_D.uasset" 371
"D:/CryoVR/CryoVR_GridClipping/Content/StarterContent/Textures/T_Smoke_SubUV.uasset" 372
"D:/CryoVR/CryoVR_GridClipping/Content/StarterContent/Particles/Materials/M_smoke_subUV.uasset" 373
"D:/CryoVR/CryoVR_GridClipping/Content/StarterContent/Particles/P_Steam_Up.uasset" 374
"D:/CryoVR/CryoVR_GridClipping/Content/VirtualRealityBP/Blueprints/FreezeDewar.uasset" 375
"D:/CryoVR/CryoVR_GridClipping/Content/Test_Geometry/lambert4SG.uasset" 376
"D:/CryoVR/CryoVR_GridClipping/Content/VirtualRealityBP/Blueprints/DewarCap_BP.uasset" 377
"D:/CryoVR/CryoVR_GridClipping/Content/VirtualRealityBP/Blueprints/Clip_Pen_Tutorial.uasset" 378
"D:/CryoVR/CryoVR_GridClipping/Content/VirtualRealityBP/Blueprints/Cap_Pen_Tutorial.uasset" 379
"D:/CryoVR/CryoVR_GridClipping/Content/Test_Geometry/Test_Textures/Sounds/FinishTask.uasset" 380
"D:/CryoVR/CryoVR_GridClipping/Content/Sound/S_TaskTurnaroundClipPen.uasset" 381
"D:/CryoVR/CryoVR_GridClipping/Content/Sound/S_TaskTransferStorageBox.uasset" 382
"D:/CryoVR/CryoVR_GridClipping/Content/Sound/S_TaskRotateClipStationCapback.uasset" 383
"D:/CryoVR/CryoVR_GridClipping/Content/Sound/S_TaskRotateClipStationCap.uasset" 384
"D:/CryoVR/CryoVR_GridClipping/Content/Sound/S_TaskPutCRinginClipPen.uasset" 385
"D:/CryoVR/CryoVR_GridClipping/Content/Sound/S_TaskPutCRingBottominClipStation.uasset" 386
"D:/CryoVR/CryoVR_GridClipping/Content/Sound/S_TaskPickupTweezers2.uasset" 387
"D:/CryoVR/CryoVR_GridClipping/Content/Sound/S_TaskPickupTweezers.uasset" 388
"D:/CryoVR/CryoVR_GridClipping/Content/Sound/S_TaskPickupTransparentCap.uasset" 389
"D:/CryoVR/CryoVR_GridClipping/Content/Sound/S_TaskPickupStorageBox.uasset" 390
"D:/CryoVR/CryoVR_GridClipping/Content/Sound/S_TaskPickupSample.uasset" 391
"D:/CryoVR/CryoVR_GridClipping/Content/Sound/S_TaskPickupGrid.uasset" 392
"D:/CryoVR/CryoVR_GridClipping/Content/Sound/S_TaskPickupCrossTweezers.uasset" 393
"D:/CryoVR/CryoVR_GridClipping/Content/Sound/S_TaskInsertClipPenintoHole.uasset" 394
"D:/CryoVR/CryoVR_GridClipping/Content/Sound/S_TaskCooldownTweezersTip.uasset" 395
"D:/CryoVR/CryoVR_GridClipping/Content/Sound/S_TaskCooldownStation.uasset" 396
"D:/CryoVR/CryoVR_GridClipping/Content/Sound/S_TaskCooldownCrossTweezers2.uasset" 397
"D:/CryoVR/CryoVR_GridClipping/Content/Sound/S_TaskCooldownCRingBottom.uasset" 398
"D:/CryoVR/CryoVR_GridClipping/Content/Sound/S_TaskCooldownCap.uasset" 399
"D:/CryoVR/CryoVR_GridClipping/Content/Sound/S_TaskAttachCaptoCapPen.uasset" 400
"D:/CryoVR/CryoVR_GridClipping/Content/Sound/S_PlaceStationinHood.uasset" 401
"D:/CryoVR/CryoVR_GridClipping/Content/Sound/S_PickupStationCap.uasset" 402
"D:/CryoVR/CryoVR_GridClipping/Content/Sound/S_PickupStation.uasset" 403
"D:/CryoVR/CryoVR_GridClipping/Content/Sound/S_PickupGridBoxTweezers.uasset" 404
"D:/CryoVR/CryoVR_GridClipping/Content/Sound/S_Ending.uasset" 405
"D:/CryoVR/CryoVR_GridClipping/Content/Sound/S_Beginning.uasset" 406
"D:/CryoVR/CryoVR_GridClipping/Content/Movies/NewMediaPlayer.uasset" 407
"D:/CryoVR/CryoVR_GridClipping/Content/Movies/NewMediaPlayer_Video.uasset" 408
"D:/CryoVR/CryoVR_GridClipping/Content/Movies/NewMediaPlayer_Video_Mat.uasset" 409
"D:/CryoVR/CryoVR_GridClipping/Content/Movies/1_2_3.uasset" 410
"D:/CryoVR/CryoVR_GridClipping/Content/Clip_Model/special_tweezer_CoolDownSocket.uasset" 411
"D:/CryoVR/CryoVR_GridClipping/Content/Clip_Model/Material/Enum_MaterialSurface.uasset" 412
"../../../Engine/Content/EngineSky/T_Sky_Stars.uasset" 413
"../../../Engine/Content/EngineSky/T_Sky_Clouds_M.uasset" 414
"../../../Engine/Content/EngineSky/T_Sky_Blue.uasset" 415
"../../../Engine/Content/EngineSky/M_Sky_Panning_Clouds2.uasset" 416
"../../../Engine/Content/EngineSky/SM_SkySphere.uasset" 417
"../../../Engine/Content/EngineSky/C_Sky_Zenith_Color.uasset" 418
"../../../Engine/Content/EngineSky/C_Sky_Horizon_Color.uasset" 419
"../../../Engine/Content/EngineSky/C_Sky_Cloud_Color.uasset" 420
"../../../Engine/Content/EngineSky/BP_Sky_Sphere.uasset" 421
"D:/CryoVR/CryoVR_GridClipping/Content/GeneralContent/M_SimpleLight.uasset" 422
"D:/CryoVR/CryoVR_GridClipping/Content/GeneralContent/SimpleLight.uasset" 423
"D:/CryoVR/CryoVR_GridClipping/Content/Models/Textures/simple_table_simple_table_OcclusionRoughnessMetallic.uasset" 424
"D:/CryoVR/CryoVR_GridClipping/Content/Models/Textures/simple_table_simple_table_Normal.uasset" 425
"D:/CryoVR/CryoVR_GridClipping/Content/Models/Textures/simple_table_simple_table_BaseColor.uasset" 426
"D:/CryoVR/CryoVR_GridClipping/Content/Models/Simple_Table_M.uasset" 427
"D:/CryoVR/CryoVR_GridClipping/Content/Models/defaultMat.uasset" 428
"D:/CryoVR/CryoVR_GridClipping/Content/Models/NewRoomMesh.uasset" 429
"D:/CryoVR/CryoVR_GridClipping/Content/Models/lambert1.uasset" 430
"D:/CryoVR/CryoVR_GridClipping/Content/Models/simple_table.uasset" 431
"D:/CryoVR/CryoVR_GridClipping/Content/VirtualRealityBP/Maps/Grid_Clipping.umap" 432
"D:/CryoVR/CryoVR_GridClipping/Content/GeneralContent/Menu/FinishButton.uasset" 433
"D:/CryoVR/CryoVR_GridClipping/Content/VirtualRealityBP/Maps/Grid_Clipping_Exam_BuiltData.uasset" 434
"D:/CryoVR/CryoVR_GridClipping/Content/Sound/S_Beginning_Exam.uasset" 435
"D:/CryoVR/CryoVR_GridClipping/Content/VirtualRealityBP/Blueprints/Global_Arrays.uasset" 436
"D:/CryoVR/CryoVR_GridClipping/Content/VirtualRealityBP/Maps/Grid_Clipping_Exam.umap" 437
"D:/CryoVR/CryoVR_GridClipping/Content/VirtualRealityBP/Maps/Grid_Clipping_Practice_BuiltData.uasset" 438
"D:/CryoVR/CryoVR_GridClipping/Content/Sound/S_Beginning_Practice.uasset" 439
"D:/CryoVR/CryoVR_GridClipping/Content/VirtualRealityBP/Maps/Grid_Clipping_Practice.umap" 440
"D:/CryoVR/CryoVR_GridClipping/Content/VirtualRealityBP/Maps/Menu_BuiltData.uasset" 441
"D:/CryoVR/CryoVR_GridClipping/Content/VirtualRealityBP/Blueprints/Menu/MainMenuBar.uasset" 442
"D:/CryoVR/CryoVR_GridClipping/Content/VirtualRealityBP/Maps/Menu.umap" 443
